<?xml version="1.0" encoding="UTF-8"?>
<!-- Generated by org.testng.reporters.JUnitXMLReporter -->
<testsuite ignored="0" hostname="Delwaras-MBP" failures="0" tests="3" name="Test" time="51.622" errors="0" timestamp="2022-11-22T22:11:25 EST">
  <testcase classname="Com.FirstMavenProject.FirstClassTestNG" name="firstMethod" time="23.375"/>
  <testcase classname="Com.FirstMavenProject.AnnotestNG" name="test2" time="20.85"/>
  <testcase classname="Com.FirstMavenProject.AnnotestNG" name="test4" time="2.573"/>
</testsuite> <!-- Test -->
