<?xml version="1.0" encoding="UTF-8"?>
<testng-results ignored="0" total="1" passed="1" failed="0" skipped="0">
  <reporter-output>
  </reporter-output>
  <suite started-at="2022-11-22T22:14:35 EST" name="Surefire suite" finished-at="2022-11-22T22:15:05 EST" duration-ms="30044">
    <groups>
    </groups>
    <test started-at="2022-11-22T22:14:35 EST" name="Surefire test" finished-at="2022-11-22T22:15:05 EST" duration-ms="30044">
      <class name="Com.FirstMavenProject.FirstClassTestNG">
        <test-method signature="firstMethod()[pri:0, instance:Com.FirstMavenProject.FirstClassTestNG@130f889]" started-at="2022-11-22T22:14:35 EST" name="firstMethod" finished-at="2022-11-22T22:15:05 EST" duration-ms="30023" status="PASS">
          <reporter-output>
          </reporter-output>
        </test-method> <!-- firstMethod -->
      </class> <!-- Com.FirstMavenProject.FirstClassTestNG -->
    </test> <!-- Surefire test -->
  </suite> <!-- Surefire suite -->
</testng-results>
