<?xml version="1.0" encoding="UTF-8"?>
<testng-results ignored="0" total="3" passed="3" failed="0" skipped="0">
  <reporter-output>
  </reporter-output>
  <suite started-at="2022-11-22T22:10:33 EST" name="Suite" finished-at="2022-11-22T22:11:25 EST" duration-ms="51622">
    <groups>
    </groups>
    <test started-at="2022-11-22T22:10:33 EST" name="Test" finished-at="2022-11-22T22:11:25 EST" duration-ms="51622">
      <class name="Com.FirstMavenProject.FirstClassTestNG">
        <test-method signature="firstMethod()[pri:0, instance:Com.FirstMavenProject.FirstClassTestNG@5b03b9fe]" started-at="2022-11-22T22:10:33 EST" name="firstMethod" finished-at="2022-11-22T22:10:57 EST" duration-ms="23375" status="PASS">
          <reporter-output>
          </reporter-output>
        </test-method> <!-- firstMethod -->
      </class> <!-- Com.FirstMavenProject.FirstClassTestNG -->
      <class name="Com.FirstMavenProject.AnnotestNG">
        <test-method is-config="true" signature="test1()[pri:0, instance:Com.FirstMavenProject.AnnotestNG@72e5a8e]" started-at="2022-11-22T22:10:57 EST" name="test1" finished-at="2022-11-22T22:11:01 EST" duration-ms="4338" status="PASS">
          <reporter-output>
          </reporter-output>
        </test-method> <!-- test1 -->
        <test-method signature="test2()[pri:0, instance:Com.FirstMavenProject.AnnotestNG@72e5a8e]" started-at="2022-11-22T22:11:01 EST" name="test2" finished-at="2022-11-22T22:11:22 EST" duration-ms="20850" status="PASS">
          <reporter-output>
          </reporter-output>
        </test-method> <!-- test2 -->
        <test-method signature="test4()[pri:0, instance:Com.FirstMavenProject.AnnotestNG@72e5a8e]" started-at="2022-11-22T22:11:22 EST" name="test4" finished-at="2022-11-22T22:11:24 EST" duration-ms="2573" status="PASS">
          <reporter-output>
          </reporter-output>
        </test-method> <!-- test4 -->
        <test-method is-config="true" signature="test3()[pri:0, instance:Com.FirstMavenProject.AnnotestNG@72e5a8e]" started-at="2022-11-22T22:11:24 EST" name="test3" finished-at="2022-11-22T22:11:25 EST" duration-ms="401" status="PASS">
          <reporter-output>
          </reporter-output>
        </test-method> <!-- test3 -->
      </class> <!-- Com.FirstMavenProject.AnnotestNG -->
    </test> <!-- Test -->
  </suite> <!-- Suite -->
</testng-results>
